[12-Mar-2026 23:35:51 UTC] PHP Warning:  Undefined array key "host" in /workspaces/UX308-Assignment2/.wordpress/wp-includes/pluggable.php on line 1721
[12-Mar-2026 23:39:35 UTC] PHP Warning:  Undefined property: WP_Ajax_Upgrader_Skin::$api in /workspaces/UX308-Assignment2/.wordpress/wp-admin/includes/class-theme-upgrader.php on line 160
[12-Mar-2026 23:50:46 UTC] PHP Warning:  Undefined variable $parent_theme_name in /workspaces/UX308-Assignment2/.wordpress/wp-content/mu-plugins/one-click-child-theme/templates/create_child_form.php on line 18
[13-Mar-2026 00:38:44 UTC] PHP Fatal error:  Out of memory (allocated 37748736 bytes) (tried to allocate 2097152 bytes) in /workspaces/UX308-Assignment2/.wordpress/wp-content/plugins/ecommerce-product-catalog/includes/customizer.php on line 20
[13-Mar-2026 00:38:44 UTC] PHP Fatal error:  Out of memory (allocated 37748736 bytes) (tried to allocate 2097152 bytes) in /workspaces/UX308-Assignment2/.wordpress/wp-includes/Requests/src/Cookie/Jar.php on line 32
[13-Mar-2026 00:38:44 UTC] PHP Fatal error:  Out of memory (allocated 33554432 bytes) (tried to allocate 2097152 bytes) in /workspaces/UX308-Assignment2/.wordpress/wp-content/plugins/ecommerce-product-catalog/includes/customizer.php on line 20
[13-Mar-2026 00:38:44 UTC] PHP Fatal error:  Out of memory (allocated 33554432 bytes) (tried to allocate 2097152 bytes) in /workspaces/UX308-Assignment2/.wordpress/wp-includes/Requests/src/Cookie/Jar.php on line 32
[13-Mar-2026 00:38:44 UTC] PHP Fatal error:  Out of memory (allocated 31457280 bytes) (tried to allocate 2097152 bytes) in /workspaces/UX308-Assignment2/.wordpress/wp-content/plugins/ecommerce-product-catalog/includes/product-ajax.php on line 294
[13-Mar-2026 00:38:44 UTC] PHP Fatal error:  Out of memory (allocated 31457280 bytes) (tried to allocate 2097152 bytes) in /workspaces/UX308-Assignment2/.wordpress/wp-includes/sodium_compat/src/Core/Util.php on line 12
[13-Mar-2026 00:38:44 UTC] PHP Fatal error:  Out of memory (allocated 31457280 bytes) (tried to allocate 2097152 bytes) in /workspaces/UX308-Assignment2/.wordpress/wp-content/plugins/ecommerce-product-catalog/includes/customizer.php on line 20
[13-Mar-2026 00:38:44 UTC] PHP Fatal error:  Out of memory (allocated 31457280 bytes) (tried to allocate 2097152 bytes) in /workspaces/UX308-Assignment2/.wordpress/wp-includes/Requests/src/Cookie/Jar.php on line 32
[13-Mar-2026 00:38:45 UTC] PHP Fatal error:  Out of memory (allocated 31457280 bytes) (tried to allocate 2097152 bytes) in /workspaces/UX308-Assignment2/.wordpress/wp-content/plugins/ecommerce-product-catalog/includes/product-ajax.php on line 294
[13-Mar-2026 00:38:45 UTC] PHP Fatal error:  Out of memory (allocated 31457280 bytes) (tried to allocate 131072 bytes) in /workspaces/UX308-Assignment2/.wordpress/wp-content/languages/admin-en_CA.l10n.php on line 2
[13-Mar-2026 00:38:45 UTC] PHP Fatal error:  Out of memory (allocated 31457280 bytes) (tried to allocate 2097152 bytes) in /workspaces/UX308-Assignment2/.wordpress/wp-content/plugins/ecommerce-product-catalog/includes/customizer.php on line 20
[13-Mar-2026 00:38:45 UTC] PHP Fatal error:  Out of memory (allocated 31457280 bytes) (tried to allocate 2097152 bytes) in /workspaces/UX308-Assignment2/.wordpress/wp-includes/Requests/src/Cookie/Jar.php on line 32
[13-Mar-2026 00:38:45 UTC] PHP Fatal error:  Out of memory (allocated 31457280 bytes) (tried to allocate 2097152 bytes) in /workspaces/UX308-Assignment2/.wordpress/wp-content/plugins/ecommerce-product-catalog/includes/product-ajax.php on line 294
[13-Mar-2026 00:38:45 UTC] PHP Fatal error:  Out of memory (allocated 31457280 bytes) (tried to allocate 131072 bytes) in /workspaces/UX308-Assignment2/.wordpress/wp-content/languages/admin-en_CA.l10n.php on line 2
[13-Mar-2026 00:38:46 UTC] PHP Fatal error:  Out of memory (allocated 31457280 bytes) (tried to allocate 2097152 bytes) in /workspaces/UX308-Assignment2/.wordpress/wp-content/plugins/ecommerce-product-catalog/includes/customizer.php on line 20
[13-Mar-2026 00:38:46 UTC] PHP Fatal error:  Out of memory (allocated 31457280 bytes) (tried to allocate 2097152 bytes) in /workspaces/UX308-Assignment2/.wordpress/wp-includes/Requests/src/Cookie/Jar.php on line 32
[13-Mar-2026 00:38:51 UTC] PHP Fatal error:  Out of memory (allocated 31457280 bytes) (tried to allocate 2097152 bytes) in /workspaces/UX308-Assignment2/.wordpress/wp-content/plugins/ecommerce-product-catalog/includes/product-ajax.php on line 294
[13-Mar-2026 00:38:51 UTC] PHP Fatal error:  Out of memory (allocated 31457280 bytes) (tried to allocate 131072 bytes) in /workspaces/UX308-Assignment2/.wordpress/wp-content/languages/admin-en_CA.l10n.php on line 2
[13-Mar-2026 00:38:51 UTC] PHP Fatal error:  Out of memory (allocated 31457280 bytes) (tried to allocate 2097152 bytes) in /workspaces/UX308-Assignment2/.wordpress/wp-content/plugins/ecommerce-product-catalog/includes/customizer.php on line 307
[13-Mar-2026 00:38:51 UTC] PHP Fatal error:  Out of memory (allocated 31457280 bytes) (tried to allocate 2097152 bytes) in /workspaces/UX308-Assignment2/.wordpress/wp-includes/Requests/src/Cookie/Jar.php on line 32
[13-Mar-2026 00:39:01 UTC] PHP Fatal error:  Out of memory (allocated 31457280 bytes) (tried to allocate 2097152 bytes) in /workspaces/UX308-Assignment2/.wordpress/wp-content/plugins/ecommerce-product-catalog/includes/product-filter.php on line 194
[13-Mar-2026 00:39:01 UTC] PHP Fatal error:  Out of memory (allocated 31457280 bytes) (tried to allocate 131072 bytes) in /workspaces/UX308-Assignment2/.wordpress/wp-content/languages/admin-en_CA.l10n.php on line 2
[13-Mar-2026 00:39:04 UTC] PHP Fatal error:  Out of memory (allocated 31457280 bytes) (tried to allocate 2097152 bytes) in /workspaces/UX308-Assignment2/.wordpress/wp-content/plugins/ecommerce-product-catalog/includes/product-filters.php on line 382
[13-Mar-2026 00:39:04 UTC] PHP Fatal error:  Out of memory (allocated 31457280 bytes) (tried to allocate 131072 bytes) in /workspaces/UX308-Assignment2/.wordpress/wp-content/languages/admin-en_CA.l10n.php on line 2
[13-Mar-2026 00:39:21 UTC] PHP Fatal error:  Out of memory (allocated 31457280 bytes) (tried to allocate 2097152 bytes) in /workspaces/UX308-Assignment2/.wordpress/wp-content/plugins/ecommerce-product-catalog/includes/product-filters.php on line 363
[13-Mar-2026 00:39:21 UTC] PHP Fatal error:  Out of memory (allocated 31457280 bytes) (tried to allocate 131072 bytes) in /workspaces/UX308-Assignment2/.wordpress/wp-content/languages/admin-en_CA.l10n.php on line 2
[13-Mar-2026 00:39:22 UTC] PHP Fatal error:  Out of memory (allocated 31457280 bytes) (tried to allocate 2097152 bytes) in /workspaces/UX308-Assignment2/.wordpress/wp-content/plugins/ecommerce-product-catalog/includes/product-filter.php on line 194
[13-Mar-2026 00:39:22 UTC] PHP Fatal error:  Out of memory (allocated 31457280 bytes) (tried to allocate 131072 bytes) in /workspaces/UX308-Assignment2/.wordpress/wp-content/languages/admin-en_CA.l10n.php on line 2
[13-Mar-2026 00:39:23 UTC] PHP Fatal error:  Out of memory (allocated 31457280 bytes) (tried to allocate 2097152 bytes) in /workspaces/UX308-Assignment2/.wordpress/wp-content/plugins/ecommerce-product-catalog/includes/product-filters.php on line 382
[13-Mar-2026 00:39:23 UTC] PHP Fatal error:  Out of memory (allocated 31457280 bytes) (tried to allocate 131072 bytes) in /workspaces/UX308-Assignment2/.wordpress/wp-content/languages/admin-en_CA.l10n.php on line 2
[13-Mar-2026 00:39:24 UTC] PHP Fatal error:  Out of memory (allocated 31457280 bytes) (tried to allocate 2097152 bytes) in /workspaces/UX308-Assignment2/.wordpress/wp-content/plugins/ecommerce-product-catalog/includes/customizer.php on line 310
[13-Mar-2026 00:39:24 UTC] PHP Fatal error:  Out of memory (allocated 31457280 bytes) (tried to allocate 2097152 bytes) in /workspaces/UX308-Assignment2/.wordpress/wp-includes/Requests/src/Cookie/Jar.php on line 32
[13-Mar-2026 00:39:25 UTC] PHP Fatal error:  Out of memory (allocated 31457280 bytes) (tried to allocate 2097152 bytes) in /workspaces/UX308-Assignment2/.wordpress/wp-content/plugins/ecommerce-product-catalog/includes/customizer.php on line 310
[13-Mar-2026 00:39:25 UTC] PHP Fatal error:  Out of memory (allocated 31457280 bytes) (tried to allocate 2097152 bytes) in /workspaces/UX308-Assignment2/.wordpress/wp-includes/Requests/src/Cookie/Jar.php on line 32
